<?xml version='1.0' encoding='UTF-8' standalone='no'?>
<doxygen xmlns:xsi="http://www.w3.org/2001/XMLSchema-instance" xsi:noNamespaceSchemaLocation="compound.xsd" version="1.11.0" xml:lang="en-US">
  <compounddef id="test-charmap_8py" kind="file" language="Python">
    <compoundname>test-charmap.py</compoundname>
    <innernamespace refid="namespacetest-charmap">test-charmap</innernamespace>
    <briefdescription>
    </briefdescription>
    <detaileddescription>
    </detaileddescription>
    <programlisting>
<codeline lineno="1" refid="namespacetest-charmap" refkind="compound"><highlight class="keyword">import</highlight><highlight class="normal"><sp/>sys</highlight></codeline>
<codeline lineno="2"><highlight class="normal"></highlight><highlight class="keyword">import</highlight><highlight class="normal"><sp/>locale</highlight></codeline>
<codeline lineno="3"><highlight class="normal"></highlight></codeline>
<codeline lineno="4"><highlight class="normal"></highlight><highlight class="keywordflow">try</highlight><highlight class="normal">:</highlight></codeline>
<codeline lineno="5"><highlight class="normal"><sp/><sp/><sp/><sp/>reload(sys)</highlight></codeline>
<codeline lineno="6"><highlight class="normal"></highlight><highlight class="keywordflow">except</highlight><highlight class="normal"><sp/>NameError:<sp/><sp/></highlight><highlight class="comment">#<sp/>Python<sp/>3</highlight><highlight class="normal"></highlight></codeline>
<codeline lineno="7"><highlight class="normal"><sp/><sp/><sp/><sp/></highlight><highlight class="keywordflow">pass</highlight><highlight class="normal"></highlight></codeline>
<codeline lineno="8"><highlight class="normal"></highlight></codeline>
<codeline lineno="9"><highlight class="normal"></highlight></codeline>
<codeline lineno="10" refid="namespacetest-charmap_1a9068b95a63dc5f338b857c394a8699b7" refkind="member"><highlight class="normal"></highlight><highlight class="keyword">def<sp/></highlight><highlight class="normal"><ref refid="namespacetest-charmap_1a9068b95a63dc5f338b857c394a8699b7" kindref="member">main</ref>():</highlight></codeline>
<codeline lineno="11"><highlight class="normal"><sp/><sp/><sp/><sp/>encoding<sp/>=<sp/>locale.getdefaultlocale()[1]</highlight></codeline>
<codeline lineno="12"><highlight class="normal"><sp/><sp/><sp/><sp/></highlight><highlight class="keywordflow">if</highlight><highlight class="normal"><sp/></highlight><highlight class="keywordflow">not</highlight><highlight class="normal"><sp/>encoding:</highlight></codeline>
<codeline lineno="13"><highlight class="normal"><sp/><sp/><sp/><sp/><sp/><sp/><sp/><sp/></highlight><highlight class="keywordflow">return</highlight><highlight class="normal"><sp/></highlight><highlight class="keyword">False</highlight><highlight class="normal"></highlight></codeline>
<codeline lineno="14"><highlight class="normal"></highlight></codeline>
<codeline lineno="15"><highlight class="normal"><sp/><sp/><sp/><sp/></highlight><highlight class="keywordflow">try</highlight><highlight class="normal">:</highlight></codeline>
<codeline lineno="16"><highlight class="normal"><sp/><sp/><sp/><sp/><sp/><sp/><sp/><sp/>sys.setdefaultencoding(encoding)</highlight></codeline>
<codeline lineno="17"><highlight class="normal"><sp/><sp/><sp/><sp/></highlight><highlight class="keywordflow">except</highlight><highlight class="normal"><sp/>AttributeError:<sp/><sp/></highlight><highlight class="comment">#<sp/>Python<sp/>3</highlight><highlight class="normal"></highlight></codeline>
<codeline lineno="18"><highlight class="normal"><sp/><sp/><sp/><sp/><sp/><sp/><sp/><sp/></highlight><highlight class="keywordflow">pass</highlight><highlight class="normal"></highlight></codeline>
<codeline lineno="19"><highlight class="normal"></highlight></codeline>
<codeline lineno="20"><highlight class="normal"><sp/><sp/><sp/><sp/>textmap<sp/>=<sp/>{</highlight></codeline>
<codeline lineno="21"><highlight class="normal"><sp/><sp/><sp/><sp/><sp/><sp/><sp/><sp/></highlight><highlight class="stringliteral">&quot;cp936&quot;</highlight><highlight class="normal">:<sp/></highlight><highlight class="stringliteral">&quot;\u4e2d\u6587&quot;</highlight><highlight class="normal">,</highlight></codeline>
<codeline lineno="22"><highlight class="normal"><sp/><sp/><sp/><sp/><sp/><sp/><sp/><sp/></highlight><highlight class="stringliteral">&quot;cp1252&quot;</highlight><highlight class="normal">:<sp/></highlight><highlight class="stringliteral">&quot;Lat\u012Bna&quot;</highlight><highlight class="normal">,</highlight></codeline>
<codeline lineno="23"><highlight class="normal"><sp/><sp/><sp/><sp/><sp/><sp/><sp/><sp/></highlight><highlight class="stringliteral">&quot;cp932&quot;</highlight><highlight class="normal">:<sp/></highlight><highlight class="stringliteral">&quot;\u306b\u307b\u3093\u3054&quot;</highlight><highlight class="normal">,</highlight></codeline>
<codeline lineno="24"><highlight class="normal"><sp/><sp/><sp/><sp/>}</highlight></codeline>
<codeline lineno="25"><highlight class="normal"><sp/><sp/><sp/><sp/></highlight><highlight class="keywordflow">if</highlight><highlight class="normal"><sp/>encoding<sp/></highlight><highlight class="keywordflow">in</highlight><highlight class="normal"><sp/>textmap:</highlight></codeline>
<codeline lineno="26"><highlight class="normal"><sp/><sp/><sp/><sp/><sp/><sp/><sp/><sp/>print(textmap[encoding])</highlight></codeline>
<codeline lineno="27"><highlight class="normal"><sp/><sp/><sp/><sp/></highlight><highlight class="keywordflow">return</highlight><highlight class="normal"><sp/></highlight><highlight class="keyword">True</highlight><highlight class="normal"></highlight></codeline>
<codeline lineno="28"><highlight class="normal"></highlight></codeline>
<codeline lineno="29"><highlight class="normal"></highlight></codeline>
<codeline lineno="30"><highlight class="normal"></highlight><highlight class="keywordflow">if</highlight><highlight class="normal"><sp/>__name__<sp/>==<sp/></highlight><highlight class="stringliteral">&quot;__main__&quot;</highlight><highlight class="normal">:</highlight></codeline>
<codeline lineno="31"><highlight class="normal"><sp/><sp/><sp/><sp/>print(<ref refid="namespacetest-charmap_1a9068b95a63dc5f338b857c394a8699b7" kindref="member">main</ref>())</highlight></codeline>
    </programlisting>
    <location file="backend/node_modules/node-gyp/test/fixtures/test-charmap.py"/>
  </compounddef>
</doxygen>
